<?xml version="1.0" encoding="UTF-8"?>
<testng-results skipped="0" failed="0" ignored="0" total="1" passed="1">
  <reporter-output>
  </reporter-output>
  <suite name="Command line suite" duration-ms="9" started-at="2021-01-13T07:26:11Z" finished-at="2021-01-13T07:26:11Z">
    <groups>
    </groups>
    <test name="Command line test" duration-ms="9" started-at="2021-01-13T07:26:11Z" finished-at="2021-01-13T07:26:11Z">
      <class name="Practice.Assignment.AppTest">
        <test-method status="PASS" signature="testApp()[pri:0, instance:testApp(Practice.Assignment.AppTest)]" name="testApp" duration-ms="0" started-at="2021-01-13T07:26:11Z" finished-at="2021-01-13T07:26:11Z">
          <reporter-output>
          </reporter-output>
        </test-method> <!-- testApp -->
      </class> <!-- Practice.Assignment.AppTest -->
    </test> <!-- Command line test -->
  </suite> <!-- Command line suite -->
</testng-results>
