<?xml version="1.0" encoding="UTF-8"?>
<testng-results skipped="0" failed="0" ignored="0" total="2" passed="2">
  <reporter-output>
  </reporter-output>
  <suite name="Command line suite" duration-ms="46649" started-at="2021-01-13T07:25:24Z" finished-at="2021-01-13T07:26:11Z">
    <groups>
    </groups>
    <test name="Command line test" duration-ms="46649" started-at="2021-01-13T07:25:24Z" finished-at="2021-01-13T07:26:11Z">
      <class name="test.HomeTest">
        <test-method status="PASS" signature="browser()[pri:0, instance:test.HomeTest@2c9f9fb0]" name="browser" is-config="true" duration-ms="10774" started-at="2021-01-13T07:25:24Z" finished-at="2021-01-13T07:25:35Z">
          <reporter-output>
          </reporter-output>
        </test-method> <!-- browser -->
        <test-method status="PASS" signature="browser()[pri:0, instance:test.TestSam@2096442d]" name="browser" is-config="true" duration-ms="10064" started-at="2021-01-13T07:25:35Z" finished-at="2021-01-13T07:25:45Z">
          <reporter-output>
          </reporter-output>
        </test-method> <!-- browser -->
        <test-method status="PASS" signature="hom()[pri:0, instance:test.HomeTest@2c9f9fb0]" name="hom" duration-ms="20252" started-at="2021-01-13T07:25:45Z" finished-at="2021-01-13T07:26:05Z">
          <reporter-output>
          </reporter-output>
        </test-method> <!-- hom -->
      </class> <!-- test.HomeTest -->
      <class name="test.TestSam">
        <test-method status="PASS" signature="login()[pri:0, instance:test.TestSam@2096442d]" name="login" duration-ms="5531" started-at="2021-01-13T07:26:05Z" finished-at="2021-01-13T07:26:11Z">
          <reporter-output>
          </reporter-output>
        </test-method> <!-- login -->
        <test-method status="PASS" signature="close()[pri:0, instance:test.TestSam@2096442d]" name="close" is-config="true" duration-ms="0" started-at="2021-01-13T07:26:11Z" finished-at="2021-01-13T07:26:11Z">
          <reporter-output>
          </reporter-output>
        </test-method> <!-- close -->
      </class> <!-- test.TestSam -->
    </test> <!-- Command line test -->
  </suite> <!-- Command line suite -->
</testng-results>
